[INFO] 23-12-2025 21:07:24 [main] [Tests.CartTest.SetUp(TC03_CartTest.java:30)] - browser opened
[INFO] 23-12-2025 21:07:25 [main] [Tests.CartTest.SetUp(TC03_CartTest.java:35)] - URL redirected
[INFO] 23-12-2025 21:07:25 [main] [Listeners.ITestListener.onTestStart(iTestListener.java:10)] - Test casecomparingPricesTC started
[INFO] 23-12-2025 21:07:26 [main] [Pages.LandingPage.addRandomProductToCart(P02_LandingPage.java:70)] - Adding random product to cart is = 2
[INFO] 23-12-2025 21:07:26 [main] [Pages.LandingPage.addRandomProductToCart(P02_LandingPage.java:70)] - Adding random product to cart is = 4
[INFO] 23-12-2025 21:07:26 [main] [Pages.LandingPage.addRandomProductToCart(P02_LandingPage.java:70)] - Adding random product to cart is = 6
[ERROR] 23-12-2025 21:07:36 [main] [Pages.LandingPage.getProductPricesOfSelectedProducts(P02_LandingPage.java:105)] - Expected condition failed: waiting for visibility of element located by By.xpath: //button[.="Remove"]/preceding-sibling::div[@class="inventory_item_price"][0] (tried for 5 second(s) with 500 milliseconds interval)
Build info: version: '4.38.0', revision: '6b412e825c*'
System info: os.name: 'Windows 11', os.arch: 'amd64', os.version: '10.0', java.version: '21.0.8'
Driver info: org.openqa.selenium.edge.EdgeDriver
Capabilities {acceptInsecureCerts: false, browserName: MicrosoftEdge, browserVersion: 143.0.3650.96, fedcm:accounts: true, goog:processID: 15688, ms:edgeOptions: {debuggerAddress: localhost:65452}, msedge: {msedgedriverVersion: 143.0.3650.96 (d55fe85d0141..., userDataDir: C:\Users\bourh\AppData\Loca...}, networkConnectionEnabled: false, pageLoadStrategy: normal, platformName: windows, proxy: Proxy(), se:cdp: ws://localhost:65452/devtoo..., se:cdpVersion: 143.0.3650.96, setWindowRect: true, strictFileInteractability: false, timeouts: {implicit: 0, pageLoad: 300000, script: 30000}, unhandledPromptBehavior: dismiss and notify, webauthn:extension:credBlob: true, webauthn:extension:largeBlob: true, webauthn:extension:minPinLength: true, webauthn:extension:prf: true, webauthn:virtualAuthenticators: true}
Session ID: ceaf94925ca95c80abff8434e61e80d7
[ERROR] 23-12-2025 21:07:46 [main] [Pages.CartPage.getProductPricesinCart(P03_CartPage.java:31)] - Expected condition failed: waiting for visibility of element located by By.xpath: //button[.="Remove"]/preceding-sibling::div[@class="inventory_item_price"][0] (tried for 5 second(s) with 500 milliseconds interval)
Build info: version: '4.38.0', revision: '6b412e825c*'
System info: os.name: 'Windows 11', os.arch: 'amd64', os.version: '10.0', java.version: '21.0.8'
Driver info: org.openqa.selenium.edge.EdgeDriver
Capabilities {acceptInsecureCerts: false, browserName: MicrosoftEdge, browserVersion: 143.0.3650.96, fedcm:accounts: true, goog:processID: 15688, ms:edgeOptions: {debuggerAddress: localhost:65452}, msedge: {msedgedriverVersion: 143.0.3650.96 (d55fe85d0141..., userDataDir: C:\Users\bourh\AppData\Loca...}, networkConnectionEnabled: false, pageLoadStrategy: normal, platformName: windows, proxy: Proxy(), se:cdp: ws://localhost:65452/devtoo..., se:cdpVersion: 143.0.3650.96, setWindowRect: true, strictFileInteractability: false, timeouts: {implicit: 0, pageLoad: 300000, script: 30000}, unhandledPromptBehavior: dismiss and notify, webauthn:extension:credBlob: true, webauthn:extension:largeBlob: true, webauthn:extension:minPinLength: true, webauthn:extension:prf: true, webauthn:virtualAuthenticators: true}
Session ID: ceaf94925ca95c80abff8434e61e80d7
[INFO] 23-12-2025 21:07:46 [main] [Listeners.ITestListener.onTestSuccess(iTestListener.java:14)] - Test casecomparingPricesTC Passed Successfully
